The system is: Linux - 5.15.50-1-MANJARO - x86_64
Compiling the C compiler identification source file "CMakeCCompilerId.c" succeeded.
Compiler: /usr/bin/cc 
Build flags: 
Id flags:  

The output was:
0


Compilation of the C compiler identification source "CMakeCCompilerId.c" produced "a.out"

The C compiler identification is GNU, found in "/home/matija/Desktop/Project/build/CMakeFiles/3.24.0/CompilerIdC/a.out"

Compiling the CXX compiler identification source file "CMakeCXXCompilerId.cpp" succeeded.
Compiler: /usr/bin/c++ 
Build flags: 
Id flags:  

The output was:
0


Compilation of the CXX compiler identification source "CMakeCXXCompilerId.cpp" produced "a.out"

The CXX compiler identification is GNU, found in "/home/matija/Desktop/Project/build/CMakeFiles/3.24.0/CompilerIdCXX/a.out"

Detecting C compiler ABI info compiled with the following output:
Change Dir: /home/matija/Desktop/Project/build/CMakeFiles/CMakeTmp

Run Build Command(s):/usr/bin/make -f Makefile cmTC_df79e/fast && /usr/bin/make  -f CMakeFiles/cmTC_df79e.dir/build.make CMakeFiles/cmTC_df79e.dir/build
make[1]: Entering directory '/home/matija/Desktop/Project/build/CMakeFiles/CMakeTmp'
Building C object CMakeFiles/cmTC_df79e.dir/CMakeCCompilerABI.c.o
/usr/bin/cc   -v -o CMakeFiles/cmTC_df79e.dir/CMakeCCompilerABI.c.o -c /var/lib/snapd/snap/cmake/1147/share/cmake-3.24/Modules/CMakeCCompilerABI.c
Using built-in specs.
COLLECT_GCC=/usr/bin/cc
Target: x86_64-pc-linux-gnu
Configured with: /build/gcc/src/gcc/configure --enable-languages=c,c++,ada,fortran,go,lto,objc,obj-c++ --enable-bootstrap --prefix=/usr --libdir=/usr/lib --libexecdir=/usr/lib --mandir=/usr/share/man --infodir=/usr/share/info --with-bugurl=https://bugs.archlinux.org/ --with-linker-hash-style=gnu --with-system-zlib --enable-__cxa_atexit --enable-cet=auto --enable-checking=release --enable-clocale=gnu --enable-default-pie --enable-default-ssp --enable-gnu-indirect-function --enable-gnu-unique-object --enable-linker-build-id --enable-lto --enable-multilib --enable-plugin --enable-shared --enable-threads=posix --disable-libssp --disable-libstdcxx-pch --disable-werror --with-build-config=bootstrap-lto --enable-link-serialization=1
Thread model: posix
Supported LTO compression algorithms: zlib zstd
gcc version 12.1.0 (GCC) 
COLLECT_GCC_OPTIONS='-v' '-o' 'CMakeFiles/cmTC_df79e.dir/CMakeCCompilerABI.c.o' '-c' '-mtune=generic' '-march=x86-64' '-dumpdir' 'CMakeFiles/cmTC_df79e.dir/'
 /usr/lib/gcc/x86_64-pc-linux-gnu/12.1.0/cc1 -quiet -v /var/lib/snapd/snap/cmake/1147/share/cmake-3.24/Modules/CMakeCCompilerABI.c -quiet -dumpdir CMakeFiles/cmTC_df79e.dir/ -dumpbase CMakeCCompilerABI.c.c -dumpbase-ext .c -mtune=generic -march=x86-64 -version -o /tmp/cciQ6LCn.s
GNU C17 (GCC) version 12.1.0 (x86_64-pc-linux-gnu)
	compiled by GNU C version 12.1.0, GMP version 6.2.1, MPFR version 4.1.0-p13, MPC version 1.2.1, isl version isl-0.24-GMP

GGC heuristics: --param ggc-min-expand=100 --param ggc-min-heapsize=131072
ignoring nonexistent directory "/usr/lib/gcc/x86_64-pc-linux-gnu/12.1.0/../../../../x86_64-pc-linux-gnu/include"
#include "..." search starts here:
#include <...> search starts here:
 /usr/lib/gcc/x86_64-pc-linux-gnu/12.1.0/include
 /usr/local/include
 /usr/lib/gcc/x86_64-pc-linux-gnu/12.1.0/include-fixed
 /usr/include
End of search list.
GNU C17 (GCC) version 12.1.0 (x86_64-pc-linux-gnu)
	compiled by GNU C version 12.1.0, GMP version 6.2.1, MPFR version 4.1.0-p13, MPC version 1.2.1, isl version isl-0.24-GMP

GGC heuristics: --param ggc-min-expand=100 --param ggc-min-heapsize=131072
Compiler executable checksum: 3e6a47a96552b6758214eb71bda8ede7
COLLECT_GCC_OPTIONS='-v' '-o' 'CMakeFiles/cmTC_df79e.dir/CMakeCCompilerABI.c.o' '-c' '-mtune=generic' '-march=x86-64' '-dumpdir' 'CMakeFiles/cmTC_df79e.dir/'
 as -v --64 -o CMakeFiles/cmTC_df79e.dir/CMakeCCompilerABI.c.o /tmp/cciQ6LCn.s
GNU assembler version 2.38 (x86_64-pc-linux-gnu) using BFD version (GNU Binutils) 2.38
COMPILER_PATH=/usr/lib/gcc/x86_64-pc-linux-gnu/12.1.0/:/usr/lib/gcc/x86_64-pc-linux-gnu/12.1.0/:/usr/lib/gcc/x86_64-pc-linux-gnu/:/usr/lib/gcc/x86_64-pc-linux-gnu/12.1.0/:/usr/lib/gcc/x86_64-pc-linux-gnu/
LIBRARY_PATH=/usr/lib/gcc/x86_64-pc-linux-gnu/12.1.0/:/usr/lib/gcc/x86_64-pc-linux-gnu/12.1.0/../../../../lib/:/lib/../lib/:/usr/lib/../lib/:/usr/lib/gcc/x86_64-pc-linux-gnu/12.1.0/../../../:/lib/:/usr/lib/
COLLECT_GCC_OPTIONS='-v' '-o' 'CMakeFiles/cmTC_df79e.dir/CMakeCCompilerABI.c.o' '-c' '-mtune=generic' '-march=x86-64' '-dumpdir' 'CMakeFiles/cmTC_df79e.dir/CMakeCCompilerABI.c.'
Linking C executable cmTC_df79e
/var/lib/snapd/snap/cmake/1147/bin/cmake -E cmake_link_script CMakeFiles/cmTC_df79e.dir/link.txt --verbose=1
/usr/bin/cc  -v CMakeFiles/cmTC_df79e.dir/CMakeCCompilerABI.c.o -o cmTC_df79e 
Using built-in specs.
COLLECT_GCC=/usr/bin/cc
COLLECT_LTO_WRAPPER=/usr/lib/gcc/x86_64-pc-linux-gnu/12.1.0/lto-wrapper
Target: x86_64-pc-linux-gnu
Configured with: /build/gcc/src/gcc/configure --enable-languages=c,c++,ada,fortran,go,lto,objc,obj-c++ --enable-bootstrap --prefix=/usr --libdir=/usr/lib --libexecdir=/usr/lib --mandir=/usr/share/man --infodir=/usr/share/info --with-bugurl=https://bugs.archlinux.org/ --with-linker-hash-style=gnu --with-system-zlib --enable-__cxa_atexit --enable-cet=auto --enable-checking=release --enable-clocale=gnu --enable-default-pie --enable-default-ssp --enable-gnu-indirect-function --enable-gnu-unique-object --enable-linker-build-id --enable-lto --enable-multilib --enable-plugin --enable-shared --enable-threads=posix --disable-libssp --disable-libstdcxx-pch --disable-werror --with-build-config=bootstrap-lto --enable-link-serialization=1
Thread model: posix
Supported LTO compression algorithms: zlib zstd
gcc version 12.1.0 (GCC) 
COMPILER_PATH=/usr/lib/gcc/x86_64-pc-linux-gnu/12.1.0/:/usr/lib/gcc/x86_64-pc-linux-gnu/12.1.0/:/usr/lib/gcc/x86_64-pc-linux-gnu/:/usr/lib/gcc/x86_64-pc-linux-gnu/12.1.0/:/usr/lib/gcc/x86_64-pc-linux-gnu/
LIBRARY_PATH=/usr/lib/gcc/x86_64-pc-linux-gnu/12.1.0/:/usr/lib/gcc/x86_64-pc-linux-gnu/12.1.0/../../../../lib/:/lib/../lib/:/usr/lib/../lib/:/usr/lib/gcc/x86_64-pc-linux-gnu/12.1.0/../../../:/lib/:/usr/lib/
COLLECT_GCC_OPTIONS='-v' '-o' 'cmTC_df79e' '-mtune=generic' '-march=x86-64' '-dumpdir' 'cmTC_df79e.'
 /usr/lib/gcc/x86_64-pc-linux-gnu/12.1.0/collect2 -plugin /usr/lib/gcc/x86_64-pc-linux-gnu/12.1.0/liblto_plugin.so -plugin-opt=/usr/lib/gcc/x86_64-pc-linux-gnu/12.1.0/lto-wrapper -plugin-opt=-fresolution=/tmp/cch4hGDn.res -plugin-opt=-pass-through=-lgcc -plugin-opt=-pass-through=-lgcc_s -plugin-opt=-pass-through=-lc -plugin-opt=-pass-through=-lgcc -plugin-opt=-pass-through=-lgcc_s --build-id --eh-frame-hdr --hash-style=gnu -m elf_x86_64 -dynamic-linker /lib64/ld-linux-x86-64.so.2 -pie -o cmTC_df79e /usr/lib/gcc/x86_64-pc-linux-gnu/12.1.0/../../../../lib/Scrt1.o /usr/lib/gcc/x86_64-pc-linux-gnu/12.1.0/../../../../lib/crti.o /usr/lib/gcc/x86_64-pc-linux-gnu/12.1.0/crtbeginS.o -L/usr/lib/gcc/x86_64-pc-linux-gnu/12.1.0 -L/usr/lib/gcc/x86_64-pc-linux-gnu/12.1.0/../../../../lib -L/lib/../lib -L/usr/lib/../lib -L/usr/lib/gcc/x86_64-pc-linux-gnu/12.1.0/../../.. CMakeFiles/cmTC_df79e.dir/CMakeCCompilerABI.c.o -lgcc --push-state --as-needed -lgcc_s --pop-state -lc -lgcc --push-state --as-needed -lgcc_s --pop-state /usr/lib/gcc/x86_64-pc-linux-gnu/12.1.0/crtendS.o /usr/lib/gcc/x86_64-pc-linux-gnu/12.1.0/../../../../lib/crtn.o
COLLECT_GCC_OPTIONS='-v' '-o' 'cmTC_df79e' '-mtune=generic' '-march=x86-64' '-dumpdir' 'cmTC_df79e.'
make[1]: Leaving directory '/home/matija/Desktop/Project/build/CMakeFiles/CMakeTmp'



Parsed C implicit include dir info from above output: rv=done
  found start of include info
  found start of implicit include info
    add: [/usr/lib/gcc/x86_64-pc-linux-gnu/12.1.0/include]
    add: [/usr/local/include]
    add: [/usr/lib/gcc/x86_64-pc-linux-gnu/12.1.0/include-fixed]
    add: [/usr/include]
  end of search list found
  collapse include dir [/usr/lib/gcc/x86_64-pc-linux-gnu/12.1.0/include] ==> [/usr/lib/gcc/x86_64-pc-linux-gnu/12.1.0/include]
  collapse include dir [/usr/local/include] ==> [/usr/local/include]
  collapse include dir [/usr/lib/gcc/x86_64-pc-linux-gnu/12.1.0/include-fixed] ==> [/usr/lib/gcc/x86_64-pc-linux-gnu/12.1.0/include-fixed]
  collapse include dir [/usr/include] ==> [/usr/include]
  implicit include dirs: [/usr/lib/gcc/x86_64-pc-linux-gnu/12.1.0/include;/usr/local/include;/usr/lib/gcc/x86_64-pc-linux-gnu/12.1.0/include-fixed;/usr/include]


Parsed C implicit link information from above output:
  link line regex: [^( *|.*[/\])(ld|CMAKE_LINK_STARTFILE-NOTFOUND|([^/\]+-)?ld|collect2)[^/\]*( |$)]
  ignore line: [Change Dir: /home/matija/Desktop/Project/build/CMakeFiles/CMakeTmp]
  ignore line: []
  ignore line: [Run Build Command(s):/usr/bin/make -f Makefile cmTC_df79e/fast && /usr/bin/make  -f CMakeFiles/cmTC_df79e.dir/build.make CMakeFiles/cmTC_df79e.dir/build]
  ignore line: [make[1]: Entering directory '/home/matija/Desktop/Project/build/CMakeFiles/CMakeTmp']
  ignore line: [Building C object CMakeFiles/cmTC_df79e.dir/CMakeCCompilerABI.c.o]
  ignore line: [/usr/bin/cc   -v -o CMakeFiles/cmTC_df79e.dir/CMakeCCompilerABI.c.o -c /var/lib/snapd/snap/cmake/1147/share/cmake-3.24/Modules/CMakeCCompilerABI.c]
  ignore line: [Using built-in specs.]
  ignore line: [COLLECT_GCC=/usr/bin/cc]
  ignore line: [Target: x86_64-pc-linux-gnu]
  ignore line: [Configured with: /build/gcc/src/gcc/configure --enable-languages=c c++ ada fortran go lto objc obj-c++ --enable-bootstrap --prefix=/usr --libdir=/usr/lib --libexecdir=/usr/lib --mandir=/usr/share/man --infodir=/usr/share/info --with-bugurl=https://bugs.archlinux.org/ --with-linker-hash-style=gnu --with-system-zlib --enable-__cxa_atexit --enable-cet=auto --enable-checking=release --enable-clocale=gnu --enable-default-pie --enable-default-ssp --enable-gnu-indirect-function --enable-gnu-unique-object --enable-linker-build-id --enable-lto --enable-multilib --enable-plugin --enable-shared --enable-threads=posix --disable-libssp --disable-libstdcxx-pch --disable-werror --with-build-config=bootstrap-lto --enable-link-serialization=1]
  ignore line: [Thread model: posix]
  ignore line: [Supported LTO compression algorithms: zlib zstd]
  ignore line: [gcc version 12.1.0 (GCC) ]
  ignore line: [COLLECT_GCC_OPTIONS='-v' '-o' 'CMakeFiles/cmTC_df79e.dir/CMakeCCompilerABI.c.o' '-c' '-mtune=generic' '-march=x86-64' '-dumpdir' 'CMakeFiles/cmTC_df79e.dir/']
  ignore line: [ /usr/lib/gcc/x86_64-pc-linux-gnu/12.1.0/cc1 -quiet -v /var/lib/snapd/snap/cmake/1147/share/cmake-3.24/Modules/CMakeCCompilerABI.c -quiet -dumpdir CMakeFiles/cmTC_df79e.dir/ -dumpbase CMakeCCompilerABI.c.c -dumpbase-ext .c -mtune=generic -march=x86-64 -version -o /tmp/cciQ6LCn.s]
  ignore line: [GNU C17 (GCC) version 12.1.0 (x86_64-pc-linux-gnu)]
  ignore line: [	compiled by GNU C version 12.1.0  GMP version 6.2.1  MPFR version 4.1.0-p13  MPC version 1.2.1  isl version isl-0.24-GMP]
  ignore line: []
  ignore line: [GGC heuristics: --param ggc-min-expand=100 --param ggc-min-heapsize=131072]
  ignore line: [ignoring nonexistent directory "/usr/lib/gcc/x86_64-pc-linux-gnu/12.1.0/../../../../x86_64-pc-linux-gnu/include"]
  ignore line: [#include "..." search starts here:]
  ignore line: [#include <...> search starts here:]
  ignore line: [ /usr/lib/gcc/x86_64-pc-linux-gnu/12.1.0/include]
  ignore line: [ /usr/local/include]
  ignore line: [ /usr/lib/gcc/x86_64-pc-linux-gnu/12.1.0/include-fixed]
  ignore line: [ /usr/include]
  ignore line: [End of search list.]
  ignore line: [GNU C17 (GCC) version 12.1.0 (x86_64-pc-linux-gnu)]
  ignore line: [	compiled by GNU C version 12.1.0  GMP version 6.2.1  MPFR version 4.1.0-p13  MPC version 1.2.1  isl version isl-0.24-GMP]
  ignore line: []
  ignore line: [GGC heuristics: --param ggc-min-expand=100 --param ggc-min-heapsize=131072]
  ignore line: [Compiler executable checksum: 3e6a47a96552b6758214eb71bda8ede7]
  ignore line: [COLLECT_GCC_OPTIONS='-v' '-o' 'CMakeFiles/cmTC_df79e.dir/CMakeCCompilerABI.c.o' '-c' '-mtune=generic' '-march=x86-64' '-dumpdir' 'CMakeFiles/cmTC_df79e.dir/']
  ignore line: [ as -v --64 -o CMakeFiles/cmTC_df79e.dir/CMakeCCompilerABI.c.o /tmp/cciQ6LCn.s]
  ignore line: [GNU assembler version 2.38 (x86_64-pc-linux-gnu) using BFD version (GNU Binutils) 2.38]
  ignore line: [COMPILER_PATH=/usr/lib/gcc/x86_64-pc-linux-gnu/12.1.0/:/usr/lib/gcc/x86_64-pc-linux-gnu/12.1.0/:/usr/lib/gcc/x86_64-pc-linux-gnu/:/usr/lib/gcc/x86_64-pc-linux-gnu/12.1.0/:/usr/lib/gcc/x86_64-pc-linux-gnu/]
  ignore line: [LIBRARY_PATH=/usr/lib/gcc/x86_64-pc-linux-gnu/12.1.0/:/usr/lib/gcc/x86_64-pc-linux-gnu/12.1.0/../../../../lib/:/lib/../lib/:/usr/lib/../lib/:/usr/lib/gcc/x86_64-pc-linux-gnu/12.1.0/../../../:/lib/:/usr/lib/]
  ignore line: [COLLECT_GCC_OPTIONS='-v' '-o' 'CMakeFiles/cmTC_df79e.dir/CMakeCCompilerABI.c.o' '-c' '-mtune=generic' '-march=x86-64' '-dumpdir' 'CMakeFiles/cmTC_df79e.dir/CMakeCCompilerABI.c.']
  ignore line: [Linking C executable cmTC_df79e]
  ignore line: [/var/lib/snapd/snap/cmake/1147/bin/cmake -E cmake_link_script CMakeFiles/cmTC_df79e.dir/link.txt --verbose=1]
  ignore line: [/usr/bin/cc  -v CMakeFiles/cmTC_df79e.dir/CMakeCCompilerABI.c.o -o cmTC_df79e ]
  ignore line: [Using built-in specs.]
  ignore line: [COLLECT_GCC=/usr/bin/cc]
  ignore line: [COLLECT_LTO_WRAPPER=/usr/lib/gcc/x86_64-pc-linux-gnu/12.1.0/lto-wrapper]
  ignore line: [Target: x86_64-pc-linux-gnu]
  ignore line: [Configured with: /build/gcc/src/gcc/configure --enable-languages=c c++ ada fortran go lto objc obj-c++ --enable-bootstrap --prefix=/usr --libdir=/usr/lib --libexecdir=/usr/lib --mandir=/usr/share/man --infodir=/usr/share/info --with-bugurl=https://bugs.archlinux.org/ --with-linker-hash-style=gnu --with-system-zlib --enable-__cxa_atexit --enable-cet=auto --enable-checking=release --enable-clocale=gnu --enable-default-pie --enable-default-ssp --enable-gnu-indirect-function --enable-gnu-unique-object --enable-linker-build-id --enable-lto --enable-multilib --enable-plugin --enable-shared --enable-threads=posix --disable-libssp --disable-libstdcxx-pch --disable-werror --with-build-config=bootstrap-lto --enable-link-serialization=1]
  ignore line: [Thread model: posix]
  ignore line: [Supported LTO compression algorithms: zlib zstd]
  ignore line: [gcc version 12.1.0 (GCC) ]
  ignore line: [COMPILER_PATH=/usr/lib/gcc/x86_64-pc-linux-gnu/12.1.0/:/usr/lib/gcc/x86_64-pc-linux-gnu/12.1.0/:/usr/lib/gcc/x86_64-pc-linux-gnu/:/usr/lib/gcc/x86_64-pc-linux-gnu/12.1.0/:/usr/lib/gcc/x86_64-pc-linux-gnu/]
  ignore line: [LIBRARY_PATH=/usr/lib/gcc/x86_64-pc-linux-gnu/12.1.0/:/usr/lib/gcc/x86_64-pc-linux-gnu/12.1.0/../../../../lib/:/lib/../lib/:/usr/lib/../lib/:/usr/lib/gcc/x86_64-pc-linux-gnu/12.1.0/../../../:/lib/:/usr/lib/]
  ignore line: [COLLECT_GCC_OPTIONS='-v' '-o' 'cmTC_df79e' '-mtune=generic' '-march=x86-64' '-dumpdir' 'cmTC_df79e.']
  link line: [ /usr/lib/gcc/x86_64-pc-linux-gnu/12.1.0/collect2 -plugin /usr/lib/gcc/x86_64-pc-linux-gnu/12.1.0/liblto_plugin.so -plugin-opt=/usr/lib/gcc/x86_64-pc-linux-gnu/12.1.0/lto-wrapper -plugin-opt=-fresolution=/tmp/cch4hGDn.res -plugin-opt=-pass-through=-lgcc -plugin-opt=-pass-through=-lgcc_s -plugin-opt=-pass-through=-lc -plugin-opt=-pass-through=-lgcc -plugin-opt=-pass-through=-lgcc_s --build-id --eh-frame-hdr --hash-style=gnu -m elf_x86_64 -dynamic-linker /lib64/ld-linux-x86-64.so.2 -pie -o cmTC_df79e /usr/lib/gcc/x86_64-pc-linux-gnu/12.1.0/../../../../lib/Scrt1.o /usr/lib/gcc/x86_64-pc-linux-gnu/12.1.0/../../../../lib/crti.o /usr/lib/gcc/x86_64-pc-linux-gnu/12.1.0/crtbeginS.o -L/usr/lib/gcc/x86_64-pc-linux-gnu/12.1.0 -L/usr/lib/gcc/x86_64-pc-linux-gnu/12.1.0/../../../../lib -L/lib/../lib -L/usr/lib/../lib -L/usr/lib/gcc/x86_64-pc-linux-gnu/12.1.0/../../.. CMakeFiles/cmTC_df79e.dir/CMakeCCompilerABI.c.o -lgcc --push-state --as-needed -lgcc_s --pop-state -lc -lgcc --push-state --as-needed -lgcc_s --pop-state /usr/lib/gcc/x86_64-pc-linux-gnu/12.1.0/crtendS.o /usr/lib/gcc/x86_64-pc-linux-gnu/12.1.0/../../../../lib/crtn.o]
    arg [/usr/lib/gcc/x86_64-pc-linux-gnu/12.1.0/collect2] ==> ignore
    arg [-plugin] ==> ignore
    arg [/usr/lib/gcc/x86_64-pc-linux-gnu/12.1.0/liblto_plugin.so] ==> ignore
    arg [-plugin-opt=/usr/lib/gcc/x86_64-pc-linux-gnu/12.1.0/lto-wrapper] ==> ignore
    arg [-plugin-opt=-fresolution=/tmp/cch4hGDn.res] ==> ignore
    arg [-plugin-opt=-pass-through=-lgcc] ==> ignore
    arg [-plugin-opt=-pass-through=-lgcc_s] ==> ignore
    arg [-plugin-opt=-pass-through=-lc] ==> ignore
    arg [-plugin-opt=-pass-through=-lgcc] ==> ignore
    arg [-plugin-opt=-pass-through=-lgcc_s] ==> ignore
    arg [--build-id] ==> ignore
    arg [--eh-frame-hdr] ==> ignore
    arg [--hash-style=gnu] ==> ignore
    arg [-m] ==> ignore
    arg [elf_x86_64] ==> ignore
    arg [-dynamic-linker] ==> ignore
    arg [/lib64/ld-linux-x86-64.so.2] ==> ignore
    arg [-pie] ==> ignore
    arg [-o] ==> ignore
    arg [cmTC_df79e] ==> ignore
    arg [/usr/lib/gcc/x86_64-pc-linux-gnu/12.1.0/../../../../lib/Scrt1.o] ==> obj [/usr/lib/gcc/x86_64-pc-linux-gnu/12.1.0/../../../../lib/Scrt1.o]
    arg [/usr/lib/gcc/x86_64-pc-linux-gnu/12.1.0/../../../../lib/crti.o] ==> obj [/usr/lib/gcc/x86_64-pc-linux-gnu/12.1.0/../../../../lib/crti.o]
    arg [/usr/lib/gcc/x86_64-pc-linux-gnu/12.1.0/crtbeginS.o] ==> obj [/usr/lib/gcc/x86_64-pc-linux-gnu/12.1.0/crtbeginS.o]
    arg [-L/usr/lib/gcc/x86_64-pc-linux-gnu/12.1.0] ==> dir [/usr/lib/gcc/x86_64-pc-linux-gnu/12.1.0]
    arg [-L/usr/lib/gcc/x86_64-pc-linux-gnu/12.1.0/../../../../lib] ==> dir [/usr/lib/gcc/x86_64-pc-linux-gnu/12.1.0/../../../../lib]
    arg [-L/lib/../lib] ==> dir [/lib/../lib]
    arg [-L/usr/lib/../lib] ==> dir [/usr/lib/../lib]
    arg [-L/usr/lib/gcc/x86_64-pc-linux-gnu/12.1.0/../../..] ==> dir [/usr/lib/gcc/x86_64-pc-linux-gnu/12.1.0/../../..]
    arg [CMakeFiles/cmTC_df79e.dir/CMakeCCompilerABI.c.o] ==> ignore
    arg [-lgcc] ==> lib [gcc]
    arg [--push-state] ==> ignore
    arg [--as-needed] ==> ignore
    arg [-lgcc_s] ==> lib [gcc_s]
    arg [--pop-state] ==> ignore
    arg [-lc] ==> lib [c]
    arg [-lgcc] ==> lib [gcc]
    arg [--push-state] ==> ignore
    arg [--as-needed] ==> ignore
    arg [-lgcc_s] ==> lib [gcc_s]
    arg [--pop-state] ==> ignore
    arg [/usr/lib/gcc/x86_64-pc-linux-gnu/12.1.0/crtendS.o] ==> obj [/usr/lib/gcc/x86_64-pc-linux-gnu/12.1.0/crtendS.o]
    arg [/usr/lib/gcc/x86_64-pc-linux-gnu/12.1.0/../../../../lib/crtn.o] ==> obj [/usr/lib/gcc/x86_64-pc-linux-gnu/12.1.0/../../../../lib/crtn.o]
  collapse obj [/usr/lib/gcc/x86_64-pc-linux-gnu/12.1.0/../../../../lib/Scrt1.o] ==> [/usr/lib/Scrt1.o]
  collapse obj [/usr/lib/gcc/x86_64-pc-linux-gnu/12.1.0/../../../../lib/crti.o] ==> [/usr/lib/crti.o]
  collapse obj [/usr/lib/gcc/x86_64-pc-linux-gnu/12.1.0/../../../../lib/crtn.o] ==> [/usr/lib/crtn.o]
  collapse library dir [/usr/lib/gcc/x86_64-pc-linux-gnu/12.1.0] ==> [/usr/lib/gcc/x86_64-pc-linux-gnu/12.1.0]
  collapse library dir [/usr/lib/gcc/x86_64-pc-linux-gnu/12.1.0/../../../../lib] ==> [/usr/lib]
  collapse library dir [/lib/../lib] ==> [/lib]
  collapse library dir [/usr/lib/../lib] ==> [/usr/lib]
  collapse library dir [/usr/lib/gcc/x86_64-pc-linux-gnu/12.1.0/../../..] ==> [/usr/lib]
  implicit libs: [gcc;gcc_s;c;gcc;gcc_s]
  implicit objs: [/usr/lib/Scrt1.o;/usr/lib/crti.o;/usr/lib/gcc/x86_64-pc-linux-gnu/12.1.0/crtbeginS.o;/usr/lib/gcc/x86_64-pc-linux-gnu/12.1.0/crtendS.o;/usr/lib/crtn.o]
  implicit dirs: [/usr/lib/gcc/x86_64-pc-linux-gnu/12.1.0;/usr/lib;/lib]
  implicit fwks: []


Detecting CXX compiler ABI info compiled with the following output:
Change Dir: /home/matija/Desktop/Project/build/CMakeFiles/CMakeTmp

Run Build Command(s):/usr/bin/make -f Makefile cmTC_e9bdb/fast && /usr/bin/make  -f CMakeFiles/cmTC_e9bdb.dir/build.make CMakeFiles/cmTC_e9bdb.dir/build
make[1]: Entering directory '/home/matija/Desktop/Project/build/CMakeFiles/CMakeTmp'
Building CXX object CMakeFiles/cmTC_e9bdb.dir/CMakeCXXCompilerABI.cpp.o
/usr/bin/c++   -v -o CMakeFiles/cmTC_e9bdb.dir/CMakeCXXCompilerABI.cpp.o -c /var/lib/snapd/snap/cmake/1147/share/cmake-3.24/Modules/CMakeCXXCompilerABI.cpp
Using built-in specs.
COLLECT_GCC=/usr/bin/c++
Target: x86_64-pc-linux-gnu
Configured with: /build/gcc/src/gcc/configure --enable-languages=c,c++,ada,fortran,go,lto,objc,obj-c++ --enable-bootstrap --prefix=/usr --libdir=/usr/lib --libexecdir=/usr/lib --mandir=/usr/share/man --infodir=/usr/share/info --with-bugurl=https://bugs.archlinux.org/ --with-linker-hash-style=gnu --with-system-zlib --enable-__cxa_atexit --enable-cet=auto --enable-checking=release --enable-clocale=gnu --enable-default-pie --enable-default-ssp --enable-gnu-indirect-function --enable-gnu-unique-object --enable-linker-build-id --enable-lto --enable-multilib --enable-plugin --enable-shared --enable-threads=posix --disable-libssp --disable-libstdcxx-pch --disable-werror --with-build-config=bootstrap-lto --enable-link-serialization=1
Thread model: posix
Supported LTO compression algorithms: zlib zstd
gcc version 12.1.0 (GCC) 
COLLECT_GCC_OPTIONS='-v' '-o' 'CMakeFiles/cmTC_e9bdb.dir/CMakeCXXCompilerABI.cpp.o' '-c' '-shared-libgcc' '-mtune=generic' '-march=x86-64' '-dumpdir' 'CMakeFiles/cmTC_e9bdb.dir/'
 /usr/lib/gcc/x86_64-pc-linux-gnu/12.1.0/cc1plus -quiet -v -D_GNU_SOURCE /var/lib/snapd/snap/cmake/1147/share/cmake-3.24/Modules/CMakeCXXCompilerABI.cpp -quiet -dumpdir CMakeFiles/cmTC_e9bdb.dir/ -dumpbase CMakeCXXCompilerABI.cpp.cpp -dumpbase-ext .cpp -mtune=generic -march=x86-64 -version -o /tmp/ccsOIFId.s
GNU C++17 (GCC) version 12.1.0 (x86_64-pc-linux-gnu)
	compiled by GNU C version 12.1.0, GMP version 6.2.1, MPFR version 4.1.0-p13, MPC version 1.2.1, isl version isl-0.24-GMP

GGC heuristics: --param ggc-min-expand=100 --param ggc-min-heapsize=131072
ignoring nonexistent directory "/usr/lib/gcc/x86_64-pc-linux-gnu/12.1.0/../../../../x86_64-pc-linux-gnu/include"
#include "..." search starts here:
#include <...> search starts here:
 /usr/lib/gcc/x86_64-pc-linux-gnu/12.1.0/../../../../include/c++/12.1.0
 /usr/lib/gcc/x86_64-pc-linux-gnu/12.1.0/../../../../include/c++/12.1.0/x86_64-pc-linux-gnu
 /usr/lib/gcc/x86_64-pc-linux-gnu/12.1.0/../../../../include/c++/12.1.0/backward
 /usr/lib/gcc/x86_64-pc-linux-gnu/12.1.0/include
 /usr/local/include
 /usr/lib/gcc/x86_64-pc-linux-gnu/12.1.0/include-fixed
 /usr/include
End of search list.
GNU C++17 (GCC) version 12.1.0 (x86_64-pc-linux-gnu)
	compiled by GNU C version 12.1.0, GMP version 6.2.1, MPFR version 4.1.0-p13, MPC version 1.2.1, isl version isl-0.24-GMP

GGC heuristics: --param ggc-min-expand=100 --param ggc-min-heapsize=131072
Compiler executable checksum: 14439460ac50886fda7029a3ce5859f0
COLLECT_GCC_OPTIONS='-v' '-o' 'CMakeFiles/cmTC_e9bdb.dir/CMakeCXXCompilerABI.cpp.o' '-c' '-shared-libgcc' '-mtune=generic' '-march=x86-64' '-dumpdir' 'CMakeFiles/cmTC_e9bdb.dir/'
 as -v --64 -o CMakeFiles/cmTC_e9bdb.dir/CMakeCXXCompilerABI.cpp.o /tmp/ccsOIFId.s
GNU assembler version 2.38 (x86_64-pc-linux-gnu) using BFD version (GNU Binutils) 2.38
COMPILER_PATH=/usr/lib/gcc/x86_64-pc-linux-gnu/12.1.0/:/usr/lib/gcc/x86_64-pc-linux-gnu/12.1.0/:/usr/lib/gcc/x86_64-pc-linux-gnu/:/usr/lib/gcc/x86_64-pc-linux-gnu/12.1.0/:/usr/lib/gcc/x86_64-pc-linux-gnu/
LIBRARY_PATH=/usr/lib/gcc/x86_64-pc-linux-gnu/12.1.0/:/usr/lib/gcc/x86_64-pc-linux-gnu/12.1.0/../../../../lib/:/lib/../lib/:/usr/lib/../lib/:/usr/lib/gcc/x86_64-pc-linux-gnu/12.1.0/../../../:/lib/:/usr/lib/
COLLECT_GCC_OPTIONS='-v' '-o' 'CMakeFiles/cmTC_e9bdb.dir/CMakeCXXCompilerABI.cpp.o' '-c' '-shared-libgcc' '-mtune=generic' '-march=x86-64' '-dumpdir' 'CMakeFiles/cmTC_e9bdb.dir/CMakeCXXCompilerABI.cpp.'
Linking CXX executable cmTC_e9bdb
/var/lib/snapd/snap/cmake/1147/bin/cmake -E cmake_link_script CMakeFiles/cmTC_e9bdb.dir/link.txt --verbose=1
/usr/bin/c++  -v CMakeFiles/cmTC_e9bdb.dir/CMakeCXXCompilerABI.cpp.o -o cmTC_e9bdb 
Using built-in specs.
COLLECT_GCC=/usr/bin/c++
COLLECT_LTO_WRAPPER=/usr/lib/gcc/x86_64-pc-linux-gnu/12.1.0/lto-wrapper
Target: x86_64-pc-linux-gnu
Configured with: /build/gcc/src/gcc/configure --enable-languages=c,c++,ada,fortran,go,lto,objc,obj-c++ --enable-bootstrap --prefix=/usr --libdir=/usr/lib --libexecdir=/usr/lib --mandir=/usr/share/man --infodir=/usr/share/info --with-bugurl=https://bugs.archlinux.org/ --with-linker-hash-style=gnu --with-system-zlib --enable-__cxa_atexit --enable-cet=auto --enable-checking=release --enable-clocale=gnu --enable-default-pie --enable-default-ssp --enable-gnu-indirect-function --enable-gnu-unique-object --enable-linker-build-id --enable-lto --enable-multilib --enable-plugin --enable-shared --enable-threads=posix --disable-libssp --disable-libstdcxx-pch --disable-werror --with-build-config=bootstrap-lto --enable-link-serialization=1
Thread model: posix
Supported LTO compression algorithms: zlib zstd
gcc version 12.1.0 (GCC) 
COMPILER_PATH=/usr/lib/gcc/x86_64-pc-linux-gnu/12.1.0/:/usr/lib/gcc/x86_64-pc-linux-gnu/12.1.0/:/usr/lib/gcc/x86_64-pc-linux-gnu/:/usr/lib/gcc/x86_64-pc-linux-gnu/12.1.0/:/usr/lib/gcc/x86_64-pc-linux-gnu/
LIBRARY_PATH=/usr/lib/gcc/x86_64-pc-linux-gnu/12.1.0/:/usr/lib/gcc/x86_64-pc-linux-gnu/12.1.0/../../../../lib/:/lib/../lib/:/usr/lib/../lib/:/usr/lib/gcc/x86_64-pc-linux-gnu/12.1.0/../../../:/lib/:/usr/lib/
COLLECT_GCC_OPTIONS='-v' '-o' 'cmTC_e9bdb' '-shared-libgcc' '-mtune=generic' '-march=x86-64' '-dumpdir' 'cmTC_e9bdb.'
 /usr/lib/gcc/x86_64-pc-linux-gnu/12.1.0/collect2 -plugin /usr/lib/gcc/x86_64-pc-linux-gnu/12.1.0/liblto_plugin.so -plugin-opt=/usr/lib/gcc/x86_64-pc-linux-gnu/12.1.0/lto-wrapper -plugin-opt=-fresolution=/tmp/ccBQ11Rh.res -plugin-opt=-pass-through=-lgcc_s -plugin-opt=-pass-through=-lgcc -plugin-opt=-pass-through=-lc -plugin-opt=-pass-through=-lgcc_s -plugin-opt=-pass-through=-lgcc --build-id --eh-frame-hdr --hash-style=gnu -m elf_x86_64 -dynamic-linker /lib64/ld-linux-x86-64.so.2 -pie -o cmTC_e9bdb /usr/lib/gcc/x86_64-pc-linux-gnu/12.1.0/../../../../lib/Scrt1.o /usr/lib/gcc/x86_64-pc-linux-gnu/12.1.0/../../../../lib/crti.o /usr/lib/gcc/x86_64-pc-linux-gnu/12.1.0/crtbeginS.o -L/usr/lib/gcc/x86_64-pc-linux-gnu/12.1.0 -L/usr/lib/gcc/x86_64-pc-linux-gnu/12.1.0/../../../../lib -L/lib/../lib -L/usr/lib/../lib -L/usr/lib/gcc/x86_64-pc-linux-gnu/12.1.0/../../.. CMakeFiles/cmTC_e9bdb.dir/CMakeCXXCompilerABI.cpp.o -lstdc++ -lm -lgcc_s -lgcc -lc -lgcc_s -lgcc /usr/lib/gcc/x86_64-pc-linux-gnu/12.1.0/crtendS.o /usr/lib/gcc/x86_64-pc-linux-gnu/12.1.0/../../../../lib/crtn.o
COLLECT_GCC_OPTIONS='-v' '-o' 'cmTC_e9bdb' '-shared-libgcc' '-mtune=generic' '-march=x86-64' '-dumpdir' 'cmTC_e9bdb.'
make[1]: Leaving directory '/home/matija/Desktop/Project/build/CMakeFiles/CMakeTmp'



Parsed CXX implicit include dir info from above output: rv=done
  found start of include info
  found start of implicit include info
    add: [/usr/lib/gcc/x86_64-pc-linux-gnu/12.1.0/../../../../include/c++/12.1.0]
    add: [/usr/lib/gcc/x86_64-pc-linux-gnu/12.1.0/../../../../include/c++/12.1.0/x86_64-pc-linux-gnu]
    add: [/usr/lib/gcc/x86_64-pc-linux-gnu/12.1.0/../../../../include/c++/12.1.0/backward]
    add: [/usr/lib/gcc/x86_64-pc-linux-gnu/12.1.0/include]
    add: [/usr/local/include]
    add: [/usr/lib/gcc/x86_64-pc-linux-gnu/12.1.0/include-fixed]
    add: [/usr/include]
  end of search list found
  collapse include dir [/usr/lib/gcc/x86_64-pc-linux-gnu/12.1.0/../../../../include/c++/12.1.0] ==> [/usr/include/c++/12.1.0]
  collapse include dir [/usr/lib/gcc/x86_64-pc-linux-gnu/12.1.0/../../../../include/c++/12.1.0/x86_64-pc-linux-gnu] ==> [/usr/include/c++/12.1.0/x86_64-pc-linux-gnu]
  collapse include dir [/usr/lib/gcc/x86_64-pc-linux-gnu/12.1.0/../../../../include/c++/12.1.0/backward] ==> [/usr/include/c++/12.1.0/backward]
  collapse include dir [/usr/lib/gcc/x86_64-pc-linux-gnu/12.1.0/include] ==> [/usr/lib/gcc/x86_64-pc-linux-gnu/12.1.0/include]
  collapse include dir [/usr/local/include] ==> [/usr/local/include]
  collapse include dir [/usr/lib/gcc/x86_64-pc-linux-gnu/12.1.0/include-fixed] ==> [/usr/lib/gcc/x86_64-pc-linux-gnu/12.1.0/include-fixed]
  collapse include dir [/usr/include] ==> [/usr/include]
  implicit include dirs: [/usr/include/c++/12.1.0;/usr/include/c++/12.1.0/x86_64-pc-linux-gnu;/usr/include/c++/12.1.0/backward;/usr/lib/gcc/x86_64-pc-linux-gnu/12.1.0/include;/usr/local/include;/usr/lib/gcc/x86_64-pc-linux-gnu/12.1.0/include-fixed;/usr/include]


Parsed CXX implicit link information from above output:
  link line regex: [^( *|.*[/\])(ld|CMAKE_LINK_STARTFILE-NOTFOUND|([^/\]+-)?ld|collect2)[^/\]*( |$)]
  ignore line: [Change Dir: /home/matija/Desktop/Project/build/CMakeFiles/CMakeTmp]
  ignore line: []
  ignore line: [Run Build Command(s):/usr/bin/make -f Makefile cmTC_e9bdb/fast && /usr/bin/make  -f CMakeFiles/cmTC_e9bdb.dir/build.make CMakeFiles/cmTC_e9bdb.dir/build]
  ignore line: [make[1]: Entering directory '/home/matija/Desktop/Project/build/CMakeFiles/CMakeTmp']
  ignore line: [Building CXX object CMakeFiles/cmTC_e9bdb.dir/CMakeCXXCompilerABI.cpp.o]
  ignore line: [/usr/bin/c++   -v -o CMakeFiles/cmTC_e9bdb.dir/CMakeCXXCompilerABI.cpp.o -c /var/lib/snapd/snap/cmake/1147/share/cmake-3.24/Modules/CMakeCXXCompilerABI.cpp]
  ignore line: [Using built-in specs.]
  ignore line: [COLLECT_GCC=/usr/bin/c++]
  ignore line: [Target: x86_64-pc-linux-gnu]
  ignore line: [Configured with: /build/gcc/src/gcc/configure --enable-languages=c c++ ada fortran go lto objc obj-c++ --enable-bootstrap --prefix=/usr --libdir=/usr/lib --libexecdir=/usr/lib --mandir=/usr/share/man --infodir=/usr/share/info --with-bugurl=https://bugs.archlinux.org/ --with-linker-hash-style=gnu --with-system-zlib --enable-__cxa_atexit --enable-cet=auto --enable-checking=release --enable-clocale=gnu --enable-default-pie --enable-default-ssp --enable-gnu-indirect-function --enable-gnu-unique-object --enable-linker-build-id --enable-lto --enable-multilib --enable-plugin --enable-shared --enable-threads=posix --disable-libssp --disable-libstdcxx-pch --disable-werror --with-build-config=bootstrap-lto --enable-link-serialization=1]
  ignore line: [Thread model: posix]
  ignore line: [Supported LTO compression algorithms: zlib zstd]
  ignore line: [gcc version 12.1.0 (GCC) ]
  ignore line: [COLLECT_GCC_OPTIONS='-v' '-o' 'CMakeFiles/cmTC_e9bdb.dir/CMakeCXXCompilerABI.cpp.o' '-c' '-shared-libgcc' '-mtune=generic' '-march=x86-64' '-dumpdir' 'CMakeFiles/cmTC_e9bdb.dir/']
  ignore line: [ /usr/lib/gcc/x86_64-pc-linux-gnu/12.1.0/cc1plus -quiet -v -D_GNU_SOURCE /var/lib/snapd/snap/cmake/1147/share/cmake-3.24/Modules/CMakeCXXCompilerABI.cpp -quiet -dumpdir CMakeFiles/cmTC_e9bdb.dir/ -dumpbase CMakeCXXCompilerABI.cpp.cpp -dumpbase-ext .cpp -mtune=generic -march=x86-64 -version -o /tmp/ccsOIFId.s]
  ignore line: [GNU C++17 (GCC) version 12.1.0 (x86_64-pc-linux-gnu)]
  ignore line: [	compiled by GNU C version 12.1.0  GMP version 6.2.1  MPFR version 4.1.0-p13  MPC version 1.2.1  isl version isl-0.24-GMP]
  ignore line: []
  ignore line: [GGC heuristics: --param ggc-min-expand=100 --param ggc-min-heapsize=131072]
  ignore line: [ignoring nonexistent directory "/usr/lib/gcc/x86_64-pc-linux-gnu/12.1.0/../../../../x86_64-pc-linux-gnu/include"]
  ignore line: [#include "..." search starts here:]
  ignore line: [#include <...> search starts here:]
  ignore line: [ /usr/lib/gcc/x86_64-pc-linux-gnu/12.1.0/../../../../include/c++/12.1.0]
  ignore line: [ /usr/lib/gcc/x86_64-pc-linux-gnu/12.1.0/../../../../include/c++/12.1.0/x86_64-pc-linux-gnu]
  ignore line: [ /usr/lib/gcc/x86_64-pc-linux-gnu/12.1.0/../../../../include/c++/12.1.0/backward]
  ignore line: [ /usr/lib/gcc/x86_64-pc-linux-gnu/12.1.0/include]
  ignore line: [ /usr/local/include]
  ignore line: [ /usr/lib/gcc/x86_64-pc-linux-gnu/12.1.0/include-fixed]
  ignore line: [ /usr/include]
  ignore line: [End of search list.]
  ignore line: [GNU C++17 (GCC) version 12.1.0 (x86_64-pc-linux-gnu)]
  ignore line: [	compiled by GNU C version 12.1.0  GMP version 6.2.1  MPFR version 4.1.0-p13  MPC version 1.2.1  isl version isl-0.24-GMP]
  ignore line: []
  ignore line: [GGC heuristics: --param ggc-min-expand=100 --param ggc-min-heapsize=131072]
  ignore line: [Compiler executable checksum: 14439460ac50886fda7029a3ce5859f0]
  ignore line: [COLLECT_GCC_OPTIONS='-v' '-o' 'CMakeFiles/cmTC_e9bdb.dir/CMakeCXXCompilerABI.cpp.o' '-c' '-shared-libgcc' '-mtune=generic' '-march=x86-64' '-dumpdir' 'CMakeFiles/cmTC_e9bdb.dir/']
  ignore line: [ as -v --64 -o CMakeFiles/cmTC_e9bdb.dir/CMakeCXXCompilerABI.cpp.o /tmp/ccsOIFId.s]
  ignore line: [GNU assembler version 2.38 (x86_64-pc-linux-gnu) using BFD version (GNU Binutils) 2.38]
  ignore line: [COMPILER_PATH=/usr/lib/gcc/x86_64-pc-linux-gnu/12.1.0/:/usr/lib/gcc/x86_64-pc-linux-gnu/12.1.0/:/usr/lib/gcc/x86_64-pc-linux-gnu/:/usr/lib/gcc/x86_64-pc-linux-gnu/12.1.0/:/usr/lib/gcc/x86_64-pc-linux-gnu/]
  ignore line: [LIBRARY_PATH=/usr/lib/gcc/x86_64-pc-linux-gnu/12.1.0/:/usr/lib/gcc/x86_64-pc-linux-gnu/12.1.0/../../../../lib/:/lib/../lib/:/usr/lib/../lib/:/usr/lib/gcc/x86_64-pc-linux-gnu/12.1.0/../../../:/lib/:/usr/lib/]
  ignore line: [COLLECT_GCC_OPTIONS='-v' '-o' 'CMakeFiles/cmTC_e9bdb.dir/CMakeCXXCompilerABI.cpp.o' '-c' '-shared-libgcc' '-mtune=generic' '-march=x86-64' '-dumpdir' 'CMakeFiles/cmTC_e9bdb.dir/CMakeCXXCompilerABI.cpp.']
  ignore line: [Linking CXX executable cmTC_e9bdb]
  ignore line: [/var/lib/snapd/snap/cmake/1147/bin/cmake -E cmake_link_script CMakeFiles/cmTC_e9bdb.dir/link.txt --verbose=1]
  ignore line: [/usr/bin/c++  -v CMakeFiles/cmTC_e9bdb.dir/CMakeCXXCompilerABI.cpp.o -o cmTC_e9bdb ]
  ignore line: [Using built-in specs.]
  ignore line: [COLLECT_GCC=/usr/bin/c++]
  ignore line: [COLLECT_LTO_WRAPPER=/usr/lib/gcc/x86_64-pc-linux-gnu/12.1.0/lto-wrapper]
  ignore line: [Target: x86_64-pc-linux-gnu]
  ignore line: [Configured with: /build/gcc/src/gcc/configure --enable-languages=c c++ ada fortran go lto objc obj-c++ --enable-bootstrap --prefix=/usr --libdir=/usr/lib --libexecdir=/usr/lib --mandir=/usr/share/man --infodir=/usr/share/info --with-bugurl=https://bugs.archlinux.org/ --with-linker-hash-style=gnu --with-system-zlib --enable-__cxa_atexit --enable-cet=auto --enable-checking=release --enable-clocale=gnu --enable-default-pie --enable-default-ssp --enable-gnu-indirect-function --enable-gnu-unique-object --enable-linker-build-id --enable-lto --enable-multilib --enable-plugin --enable-shared --enable-threads=posix --disable-libssp --disable-libstdcxx-pch --disable-werror --with-build-config=bootstrap-lto --enable-link-serialization=1]
  ignore line: [Thread model: posix]
  ignore line: [Supported LTO compression algorithms: zlib zstd]
  ignore line: [gcc version 12.1.0 (GCC) ]
  ignore line: [COMPILER_PATH=/usr/lib/gcc/x86_64-pc-linux-gnu/12.1.0/:/usr/lib/gcc/x86_64-pc-linux-gnu/12.1.0/:/usr/lib/gcc/x86_64-pc-linux-gnu/:/usr/lib/gcc/x86_64-pc-linux-gnu/12.1.0/:/usr/lib/gcc/x86_64-pc-linux-gnu/]
  ignore line: [LIBRARY_PATH=/usr/lib/gcc/x86_64-pc-linux-gnu/12.1.0/:/usr/lib/gcc/x86_64-pc-linux-gnu/12.1.0/../../../../lib/:/lib/../lib/:/usr/lib/../lib/:/usr/lib/gcc/x86_64-pc-linux-gnu/12.1.0/../../../:/lib/:/usr/lib/]
  ignore line: [COLLECT_GCC_OPTIONS='-v' '-o' 'cmTC_e9bdb' '-shared-libgcc' '-mtune=generic' '-march=x86-64' '-dumpdir' 'cmTC_e9bdb.']
  link line: [ /usr/lib/gcc/x86_64-pc-linux-gnu/12.1.0/collect2 -plugin /usr/lib/gcc/x86_64-pc-linux-gnu/12.1.0/liblto_plugin.so -plugin-opt=/usr/lib/gcc/x86_64-pc-linux-gnu/12.1.0/lto-wrapper -plugin-opt=-fresolution=/tmp/ccBQ11Rh.res -plugin-opt=-pass-through=-lgcc_s -plugin-opt=-pass-through=-lgcc -plugin-opt=-pass-through=-lc -plugin-opt=-pass-through=-lgcc_s -plugin-opt=-pass-through=-lgcc --build-id --eh-frame-hdr --hash-style=gnu -m elf_x86_64 -dynamic-linker /lib64/ld-linux-x86-64.so.2 -pie -o cmTC_e9bdb /usr/lib/gcc/x86_64-pc-linux-gnu/12.1.0/../../../../lib/Scrt1.o /usr/lib/gcc/x86_64-pc-linux-gnu/12.1.0/../../../../lib/crti.o /usr/lib/gcc/x86_64-pc-linux-gnu/12.1.0/crtbeginS.o -L/usr/lib/gcc/x86_64-pc-linux-gnu/12.1.0 -L/usr/lib/gcc/x86_64-pc-linux-gnu/12.1.0/../../../../lib -L/lib/../lib -L/usr/lib/../lib -L/usr/lib/gcc/x86_64-pc-linux-gnu/12.1.0/../../.. CMakeFiles/cmTC_e9bdb.dir/CMakeCXXCompilerABI.cpp.o -lstdc++ -lm -lgcc_s -lgcc -lc -lgcc_s -lgcc /usr/lib/gcc/x86_64-pc-linux-gnu/12.1.0/crtendS.o /usr/lib/gcc/x86_64-pc-linux-gnu/12.1.0/../../../../lib/crtn.o]
    arg [/usr/lib/gcc/x86_64-pc-linux-gnu/12.1.0/collect2] ==> ignore
    arg [-plugin] ==> ignore
    arg [/usr/lib/gcc/x86_64-pc-linux-gnu/12.1.0/liblto_plugin.so] ==> ignore
    arg [-plugin-opt=/usr/lib/gcc/x86_64-pc-linux-gnu/12.1.0/lto-wrapper] ==> ignore
    arg [-plugin-opt=-fresolution=/tmp/ccBQ11Rh.res] ==> ignore
    arg [-plugin-opt=-pass-through=-lgcc_s] ==> ignore
    arg [-plugin-opt=-pass-through=-lgcc] ==> ignore
    arg [-plugin-opt=-pass-through=-lc] ==> ignore
    arg [-plugin-opt=-pass-through=-lgcc_s] ==> ignore
    arg [-plugin-opt=-pass-through=-lgcc] ==> ignore
    arg [--build-id] ==> ignore
    arg [--eh-frame-hdr] ==> ignore
    arg [--hash-style=gnu] ==> ignore
    arg [-m] ==> ignore
    arg [elf_x86_64] ==> ignore
    arg [-dynamic-linker] ==> ignore
    arg [/lib64/ld-linux-x86-64.so.2] ==> ignore
    arg [-pie] ==> ignore
    arg [-o] ==> ignore
    arg [cmTC_e9bdb] ==> ignore
    arg [/usr/lib/gcc/x86_64-pc-linux-gnu/12.1.0/../../../../lib/Scrt1.o] ==> obj [/usr/lib/gcc/x86_64-pc-linux-gnu/12.1.0/../../../../lib/Scrt1.o]
    arg [/usr/lib/gcc/x86_64-pc-linux-gnu/12.1.0/../../../../lib/crti.o] ==> obj [/usr/lib/gcc/x86_64-pc-linux-gnu/12.1.0/../../../../lib/crti.o]
    arg [/usr/lib/gcc/x86_64-pc-linux-gnu/12.1.0/crtbeginS.o] ==> obj [/usr/lib/gcc/x86_64-pc-linux-gnu/12.1.0/crtbeginS.o]
    arg [-L/usr/lib/gcc/x86_64-pc-linux-gnu/12.1.0] ==> dir [/usr/lib/gcc/x86_64-pc-linux-gnu/12.1.0]
    arg [-L/usr/lib/gcc/x86_64-pc-linux-gnu/12.1.0/../../../../lib] ==> dir [/usr/lib/gcc/x86_64-pc-linux-gnu/12.1.0/../../../../lib]
    arg [-L/lib/../lib] ==> dir [/lib/../lib]
    arg [-L/usr/lib/../lib] ==> dir [/usr/lib/../lib]
    arg [-L/usr/lib/gcc/x86_64-pc-linux-gnu/12.1.0/../../..] ==> dir [/usr/lib/gcc/x86_64-pc-linux-gnu/12.1.0/../../..]
    arg [CMakeFiles/cmTC_e9bdb.dir/CMakeCXXCompilerABI.cpp.o] ==> ignore
    arg [-lstdc++] ==> lib [stdc++]
    arg [-lm] ==> lib [m]
    arg [-lgcc_s] ==> lib [gcc_s]
    arg [-lgcc] ==> lib [gcc]
    arg [-lc] ==> lib [c]
    arg [-lgcc_s] ==> lib [gcc_s]
    arg [-lgcc] ==> lib [gcc]
    arg [/usr/lib/gcc/x86_64-pc-linux-gnu/12.1.0/crtendS.o] ==> obj [/usr/lib/gcc/x86_64-pc-linux-gnu/12.1.0/crtendS.o]
    arg [/usr/lib/gcc/x86_64-pc-linux-gnu/12.1.0/../../../../lib/crtn.o] ==> obj [/usr/lib/gcc/x86_64-pc-linux-gnu/12.1.0/../../../../lib/crtn.o]
  collapse obj [/usr/lib/gcc/x86_64-pc-linux-gnu/12.1.0/../../../../lib/Scrt1.o] ==> [/usr/lib/Scrt1.o]
  collapse obj [/usr/lib/gcc/x86_64-pc-linux-gnu/12.1.0/../../../../lib/crti.o] ==> [/usr/lib/crti.o]
  collapse obj [/usr/lib/gcc/x86_64-pc-linux-gnu/12.1.0/../../../../lib/crtn.o] ==> [/usr/lib/crtn.o]
  collapse library dir [/usr/lib/gcc/x86_64-pc-linux-gnu/12.1.0] ==> [/usr/lib/gcc/x86_64-pc-linux-gnu/12.1.0]
  collapse library dir [/usr/lib/gcc/x86_64-pc-linux-gnu/12.1.0/../../../../lib] ==> [/usr/lib]
  collapse library dir [/lib/../lib] ==> [/lib]
  collapse library dir [/usr/lib/../lib] ==> [/usr/lib]
  collapse library dir [/usr/lib/gcc/x86_64-pc-linux-gnu/12.1.0/../../..] ==> [/usr/lib]
  implicit libs: [stdc++;m;gcc_s;gcc;c;gcc_s;gcc]
  implicit objs: [/usr/lib/Scrt1.o;/usr/lib/crti.o;/usr/lib/gcc/x86_64-pc-linux-gnu/12.1.0/crtbeginS.o;/usr/lib/gcc/x86_64-pc-linux-gnu/12.1.0/crtendS.o;/usr/lib/crtn.o]
  implicit dirs: [/usr/lib/gcc/x86_64-pc-linux-gnu/12.1.0;/usr/lib;/lib]
  implicit fwks: []


Performing C SOURCE FILE Test CMAKE_HAVE_LIBC_PTHREAD succeeded with the following output:
Change Dir: /home/matija/Desktop/Project/build/CMakeFiles/CMakeTmp

Run Build Command(s):/usr/bin/make -f Makefile cmTC_1fd1a/fast && /usr/bin/make  -f CMakeFiles/cmTC_1fd1a.dir/build.make CMakeFiles/cmTC_1fd1a.dir/build
make[1]: Entering directory '/home/matija/Desktop/Project/build/CMakeFiles/CMakeTmp'
Building C object CMakeFiles/cmTC_1fd1a.dir/src.c.o
/usr/bin/cc -DCMAKE_HAVE_LIBC_PTHREAD   -o CMakeFiles/cmTC_1fd1a.dir/src.c.o -c /home/matija/Desktop/Project/build/CMakeFiles/CMakeTmp/src.c
Linking C executable cmTC_1fd1a
/var/lib/snapd/snap/cmake/1147/bin/cmake -E cmake_link_script CMakeFiles/cmTC_1fd1a.dir/link.txt --verbose=1
/usr/bin/cc CMakeFiles/cmTC_1fd1a.dir/src.c.o -o cmTC_1fd1a 
make[1]: Leaving directory '/home/matija/Desktop/Project/build/CMakeFiles/CMakeTmp'


Source file was:
#include <pthread.h>

static void* test_func(void* data)
{
  return data;
}

int main(void)
{
  pthread_t thread;
  pthread_create(&thread, NULL, test_func, NULL);
  pthread_detach(thread);
  pthread_cancel(thread);
  pthread_join(thread, NULL);
  pthread_atfork(NULL, NULL, NULL);
  pthread_exit(NULL);

  return 0;
}

Determining if the function shm_open exists in the rt passed with the following output:
Change Dir: /home/matija/Desktop/Project/build/CMakeFiles/CMakeTmp

Run Build Command(s):/usr/bin/make -f Makefile cmTC_94332/fast && /usr/bin/make  -f CMakeFiles/cmTC_94332.dir/build.make CMakeFiles/cmTC_94332.dir/build
make[1]: Entering directory '/home/matija/Desktop/Project/build/CMakeFiles/CMakeTmp'
Building C object CMakeFiles/cmTC_94332.dir/CheckFunctionExists.c.o
/usr/bin/cc   -DCHECK_FUNCTION_EXISTS=shm_open -o CMakeFiles/cmTC_94332.dir/CheckFunctionExists.c.o -c /var/lib/snapd/snap/cmake/1147/share/cmake-3.24/Modules/CheckFunctionExists.c
Linking C executable cmTC_94332
/var/lib/snapd/snap/cmake/1147/bin/cmake -E cmake_link_script CMakeFiles/cmTC_94332.dir/link.txt --verbose=1
/usr/bin/cc  -DCHECK_FUNCTION_EXISTS=shm_open CMakeFiles/cmTC_94332.dir/CheckFunctionExists.c.o -o cmTC_94332  -lrt 
make[1]: Leaving directory '/home/matija/Desktop/Project/build/CMakeFiles/CMakeTmp'



Performing C++ SOURCE FILE Test HAVE_CXX_FLAG_STD_CXX11 succeeded with the following output:
Change Dir: /home/matija/Desktop/Project/build/CMakeFiles/CMakeTmp

Run Build Command(s):/usr/bin/make -f Makefile cmTC_b9376/fast && /usr/bin/make  -f CMakeFiles/cmTC_b9376.dir/build.make CMakeFiles/cmTC_b9376.dir/build
make[1]: Entering directory '/home/matija/Desktop/Project/build/CMakeFiles/CMakeTmp'
Building CXX object CMakeFiles/cmTC_b9376.dir/src.cxx.o
/usr/bin/c++ -DHAVE_CXX_FLAG_STD_CXX11  -std=c++11   -std=c++11 -o CMakeFiles/cmTC_b9376.dir/src.cxx.o -c /home/matija/Desktop/Project/build/CMakeFiles/CMakeTmp/src.cxx
Linking CXX executable cmTC_b9376
/var/lib/snapd/snap/cmake/1147/bin/cmake -E cmake_link_script CMakeFiles/cmTC_b9376.dir/link.txt --verbose=1
/usr/bin/c++   -std=c++11 CMakeFiles/cmTC_b9376.dir/src.cxx.o -o cmTC_b9376 
make[1]: Leaving directory '/home/matija/Desktop/Project/build/CMakeFiles/CMakeTmp'


Source file was:
int main() { return 0; }
Performing C++ SOURCE FILE Test HAVE_CXX_FLAG_WALL succeeded with the following output:
Change Dir: /home/matija/Desktop/Project/build/CMakeFiles/CMakeTmp

Run Build Command(s):/usr/bin/make -f Makefile cmTC_77301/fast && /usr/bin/make  -f CMakeFiles/cmTC_77301.dir/build.make CMakeFiles/cmTC_77301.dir/build
make[1]: Entering directory '/home/matija/Desktop/Project/build/CMakeFiles/CMakeTmp'
Building CXX object CMakeFiles/cmTC_77301.dir/src.cxx.o
/usr/bin/c++ -DHAVE_CXX_FLAG_WALL  -std=c++11  -Wall   -Wall -o CMakeFiles/cmTC_77301.dir/src.cxx.o -c /home/matija/Desktop/Project/build/CMakeFiles/CMakeTmp/src.cxx
Linking CXX executable cmTC_77301
/var/lib/snapd/snap/cmake/1147/bin/cmake -E cmake_link_script CMakeFiles/cmTC_77301.dir/link.txt --verbose=1
/usr/bin/c++   -std=c++11  -Wall CMakeFiles/cmTC_77301.dir/src.cxx.o -o cmTC_77301 
make[1]: Leaving directory '/home/matija/Desktop/Project/build/CMakeFiles/CMakeTmp'


Source file was:
int main() { return 0; }
Performing C++ SOURCE FILE Test HAVE_CXX_FLAG_WEXTRA succeeded with the following output:
Change Dir: /home/matija/Desktop/Project/build/CMakeFiles/CMakeTmp

Run Build Command(s):/usr/bin/make -f Makefile cmTC_1d3a9/fast && /usr/bin/make  -f CMakeFiles/cmTC_1d3a9.dir/build.make CMakeFiles/cmTC_1d3a9.dir/build
make[1]: Entering directory '/home/matija/Desktop/Project/build/CMakeFiles/CMakeTmp'
Building CXX object CMakeFiles/cmTC_1d3a9.dir/src.cxx.o
/usr/bin/c++ -DHAVE_CXX_FLAG_WEXTRA  -std=c++11  -Wall  -Wextra   -Wextra -o CMakeFiles/cmTC_1d3a9.dir/src.cxx.o -c /home/matija/Desktop/Project/build/CMakeFiles/CMakeTmp/src.cxx
Linking CXX executable cmTC_1d3a9
/var/lib/snapd/snap/cmake/1147/bin/cmake -E cmake_link_script CMakeFiles/cmTC_1d3a9.dir/link.txt --verbose=1
/usr/bin/c++   -std=c++11  -Wall  -Wextra CMakeFiles/cmTC_1d3a9.dir/src.cxx.o -o cmTC_1d3a9 
make[1]: Leaving directory '/home/matija/Desktop/Project/build/CMakeFiles/CMakeTmp'


Source file was:
int main() { return 0; }
Performing C++ SOURCE FILE Test HAVE_CXX_FLAG_WSHADOW succeeded with the following output:
Change Dir: /home/matija/Desktop/Project/build/CMakeFiles/CMakeTmp

Run Build Command(s):/usr/bin/make -f Makefile cmTC_0e94c/fast && /usr/bin/make  -f CMakeFiles/cmTC_0e94c.dir/build.make CMakeFiles/cmTC_0e94c.dir/build
make[1]: Entering directory '/home/matija/Desktop/Project/build/CMakeFiles/CMakeTmp'
Building CXX object CMakeFiles/cmTC_0e94c.dir/src.cxx.o
/usr/bin/c++ -DHAVE_CXX_FLAG_WSHADOW  -std=c++11  -Wall  -Wextra  -Wshadow   -Wshadow -o CMakeFiles/cmTC_0e94c.dir/src.cxx.o -c /home/matija/Desktop/Project/build/CMakeFiles/CMakeTmp/src.cxx
Linking CXX executable cmTC_0e94c
/var/lib/snapd/snap/cmake/1147/bin/cmake -E cmake_link_script CMakeFiles/cmTC_0e94c.dir/link.txt --verbose=1
/usr/bin/c++   -std=c++11  -Wall  -Wextra  -Wshadow CMakeFiles/cmTC_0e94c.dir/src.cxx.o -o cmTC_0e94c 
make[1]: Leaving directory '/home/matija/Desktop/Project/build/CMakeFiles/CMakeTmp'


Source file was:
int main() { return 0; }
Performing C++ SOURCE FILE Test HAVE_CXX_FLAG_WFLOAT_EQUAL succeeded with the following output:
Change Dir: /home/matija/Desktop/Project/build/CMakeFiles/CMakeTmp

Run Build Command(s):/usr/bin/make -f Makefile cmTC_99932/fast && /usr/bin/make  -f CMakeFiles/cmTC_99932.dir/build.make CMakeFiles/cmTC_99932.dir/build
make[1]: Entering directory '/home/matija/Desktop/Project/build/CMakeFiles/CMakeTmp'
Building CXX object CMakeFiles/cmTC_99932.dir/src.cxx.o
/usr/bin/c++ -DHAVE_CXX_FLAG_WFLOAT_EQUAL  -std=c++11  -Wall  -Wextra  -Wshadow  -Wfloat-equal   -Wfloat-equal -o CMakeFiles/cmTC_99932.dir/src.cxx.o -c /home/matija/Desktop/Project/build/CMakeFiles/CMakeTmp/src.cxx
Linking CXX executable cmTC_99932
/var/lib/snapd/snap/cmake/1147/bin/cmake -E cmake_link_script CMakeFiles/cmTC_99932.dir/link.txt --verbose=1
/usr/bin/c++   -std=c++11  -Wall  -Wextra  -Wshadow  -Wfloat-equal CMakeFiles/cmTC_99932.dir/src.cxx.o -o cmTC_99932 
make[1]: Leaving directory '/home/matija/Desktop/Project/build/CMakeFiles/CMakeTmp'


Source file was:
int main() { return 0; }
Performing C++ SOURCE FILE Test HAVE_CXX_FLAG_WERROR succeeded with the following output:
Change Dir: /home/matija/Desktop/Project/build/CMakeFiles/CMakeTmp

Run Build Command(s):/usr/bin/make -f Makefile cmTC_d3979/fast && /usr/bin/make  -f CMakeFiles/cmTC_d3979.dir/build.make CMakeFiles/cmTC_d3979.dir/build
make[1]: Entering directory '/home/matija/Desktop/Project/build/CMakeFiles/CMakeTmp'
Building CXX object CMakeFiles/cmTC_d3979.dir/src.cxx.o
/usr/bin/c++ -DHAVE_CXX_FLAG_WERROR  -std=c++11  -Wall  -Wextra  -Wshadow  -Wfloat-equal  -Werror   -Werror -o CMakeFiles/cmTC_d3979.dir/src.cxx.o -c /home/matija/Desktop/Project/build/CMakeFiles/CMakeTmp/src.cxx
Linking CXX executable cmTC_d3979
/var/lib/snapd/snap/cmake/1147/bin/cmake -E cmake_link_script CMakeFiles/cmTC_d3979.dir/link.txt --verbose=1
/usr/bin/c++   -std=c++11  -Wall  -Wextra  -Wshadow  -Wfloat-equal  -Werror CMakeFiles/cmTC_d3979.dir/src.cxx.o -o cmTC_d3979 
make[1]: Leaving directory '/home/matija/Desktop/Project/build/CMakeFiles/CMakeTmp'


Source file was:
int main() { return 0; }
Performing C++ SOURCE FILE Test HAVE_CXX_FLAG_PEDANTIC succeeded with the following output:
Change Dir: /home/matija/Desktop/Project/build/CMakeFiles/CMakeTmp

Run Build Command(s):/usr/bin/make -f Makefile cmTC_c0809/fast && /usr/bin/make  -f CMakeFiles/cmTC_c0809.dir/build.make CMakeFiles/cmTC_c0809.dir/build
make[1]: Entering directory '/home/matija/Desktop/Project/build/CMakeFiles/CMakeTmp'
Building CXX object CMakeFiles/cmTC_c0809.dir/src.cxx.o
/usr/bin/c++ -DHAVE_CXX_FLAG_PEDANTIC  -std=c++11  -Wall  -Wextra  -Wshadow  -Wfloat-equal  -pedantic   -pedantic -o CMakeFiles/cmTC_c0809.dir/src.cxx.o -c /home/matija/Desktop/Project/build/CMakeFiles/CMakeTmp/src.cxx
Linking CXX executable cmTC_c0809
/var/lib/snapd/snap/cmake/1147/bin/cmake -E cmake_link_script CMakeFiles/cmTC_c0809.dir/link.txt --verbose=1
/usr/bin/c++   -std=c++11  -Wall  -Wextra  -Wshadow  -Wfloat-equal  -pedantic CMakeFiles/cmTC_c0809.dir/src.cxx.o -o cmTC_c0809 
make[1]: Leaving directory '/home/matija/Desktop/Project/build/CMakeFiles/CMakeTmp'


Source file was:
int main() { return 0; }
Performing C++ SOURCE FILE Test HAVE_CXX_FLAG_PEDANTIC_ERRORS succeeded with the following output:
Change Dir: /home/matija/Desktop/Project/build/CMakeFiles/CMakeTmp

Run Build Command(s):/usr/bin/make -f Makefile cmTC_7104f/fast && /usr/bin/make  -f CMakeFiles/cmTC_7104f.dir/build.make CMakeFiles/cmTC_7104f.dir/build
make[1]: Entering directory '/home/matija/Desktop/Project/build/CMakeFiles/CMakeTmp'
Building CXX object CMakeFiles/cmTC_7104f.dir/src.cxx.o
/usr/bin/c++ -DHAVE_CXX_FLAG_PEDANTIC_ERRORS  -std=c++11  -Wall  -Wextra  -Wshadow  -Wfloat-equal  -pedantic  -pedantic-errors   -pedantic-errors -o CMakeFiles/cmTC_7104f.dir/src.cxx.o -c /home/matija/Desktop/Project/build/CMakeFiles/CMakeTmp/src.cxx
Linking CXX executable cmTC_7104f
/var/lib/snapd/snap/cmake/1147/bin/cmake -E cmake_link_script CMakeFiles/cmTC_7104f.dir/link.txt --verbose=1
/usr/bin/c++   -std=c++11  -Wall  -Wextra  -Wshadow  -Wfloat-equal  -pedantic  -pedantic-errors CMakeFiles/cmTC_7104f.dir/src.cxx.o -o cmTC_7104f 
make[1]: Leaving directory '/home/matija/Desktop/Project/build/CMakeFiles/CMakeTmp'


Source file was:
int main() { return 0; }
Performing C++ SOURCE FILE Test HAVE_CXX_FLAG_FSTRICT_ALIASING succeeded with the following output:
Change Dir: /home/matija/Desktop/Project/build/CMakeFiles/CMakeTmp

Run Build Command(s):/usr/bin/make -f Makefile cmTC_cfa9d/fast && /usr/bin/make  -f CMakeFiles/cmTC_cfa9d.dir/build.make CMakeFiles/cmTC_cfa9d.dir/build
make[1]: Entering directory '/home/matija/Desktop/Project/build/CMakeFiles/CMakeTmp'
Building CXX object CMakeFiles/cmTC_cfa9d.dir/src.cxx.o
/usr/bin/c++ -DHAVE_CXX_FLAG_FSTRICT_ALIASING  -std=c++11  -Wall  -Wextra  -Wshadow  -Wfloat-equal  -pedantic  -pedantic-errors  -fstrict-aliasing   -fstrict-aliasing -o CMakeFiles/cmTC_cfa9d.dir/src.cxx.o -c /home/matija/Desktop/Project/build/CMakeFiles/CMakeTmp/src.cxx
Linking CXX executable cmTC_cfa9d
/var/lib/snapd/snap/cmake/1147/bin/cmake -E cmake_link_script CMakeFiles/cmTC_cfa9d.dir/link.txt --verbose=1
/usr/bin/c++   -std=c++11  -Wall  -Wextra  -Wshadow  -Wfloat-equal  -pedantic  -pedantic-errors  -fstrict-aliasing CMakeFiles/cmTC_cfa9d.dir/src.cxx.o -o cmTC_cfa9d 
make[1]: Leaving directory '/home/matija/Desktop/Project/build/CMakeFiles/CMakeTmp'


Source file was:
int main() { return 0; }
Performing C++ SOURCE FILE Test HAVE_CXX_FLAG_WNO_DEPRECATED_DECLARATIONS succeeded with the following output:
Change Dir: /home/matija/Desktop/Project/build/CMakeFiles/CMakeTmp

Run Build Command(s):/usr/bin/make -f Makefile cmTC_593e8/fast && /usr/bin/make  -f CMakeFiles/cmTC_593e8.dir/build.make CMakeFiles/cmTC_593e8.dir/build
make[1]: Entering directory '/home/matija/Desktop/Project/build/CMakeFiles/CMakeTmp'
Building CXX object CMakeFiles/cmTC_593e8.dir/src.cxx.o
/usr/bin/c++ -DHAVE_CXX_FLAG_WNO_DEPRECATED_DECLARATIONS  -std=c++11  -Wall  -Wextra  -Wshadow  -Wfloat-equal  -pedantic  -pedantic-errors  -fstrict-aliasing  -Wno-deprecated-declarations   -Wno-deprecated-declarations -o CMakeFiles/cmTC_593e8.dir/src.cxx.o -c /home/matija/Desktop/Project/build/CMakeFiles/CMakeTmp/src.cxx
Linking CXX executable cmTC_593e8
/var/lib/snapd/snap/cmake/1147/bin/cmake -E cmake_link_script CMakeFiles/cmTC_593e8.dir/link.txt --verbose=1
/usr/bin/c++   -std=c++11  -Wall  -Wextra  -Wshadow  -Wfloat-equal  -pedantic  -pedantic-errors  -fstrict-aliasing  -Wno-deprecated-declarations CMakeFiles/cmTC_593e8.dir/src.cxx.o -o cmTC_593e8 
make[1]: Leaving directory '/home/matija/Desktop/Project/build/CMakeFiles/CMakeTmp'


Source file was:
int main() { return 0; }
Performing C++ SOURCE FILE Test HAVE_CXX_FLAG_WNO_DEPRECATED succeeded with the following output:
Change Dir: /home/matija/Desktop/Project/build/CMakeFiles/CMakeTmp

Run Build Command(s):/usr/bin/make -f Makefile cmTC_66c5e/fast && /usr/bin/make  -f CMakeFiles/cmTC_66c5e.dir/build.make CMakeFiles/cmTC_66c5e.dir/build
make[1]: Entering directory '/home/matija/Desktop/Project/build/CMakeFiles/CMakeTmp'
Building CXX object CMakeFiles/cmTC_66c5e.dir/src.cxx.o
/usr/bin/c++ -DHAVE_CXX_FLAG_WNO_DEPRECATED  -std=c++11  -Wall  -Wextra  -Wshadow  -Wfloat-equal  -pedantic  -pedantic-errors  -fstrict-aliasing  -Wno-deprecated-declarations  -Wno-deprecated   -Wno-deprecated -o CMakeFiles/cmTC_66c5e.dir/src.cxx.o -c /home/matija/Desktop/Project/build/CMakeFiles/CMakeTmp/src.cxx
Linking CXX executable cmTC_66c5e
/var/lib/snapd/snap/cmake/1147/bin/cmake -E cmake_link_script CMakeFiles/cmTC_66c5e.dir/link.txt --verbose=1
/usr/bin/c++   -std=c++11  -Wall  -Wextra  -Wshadow  -Wfloat-equal  -pedantic  -pedantic-errors  -fstrict-aliasing  -Wno-deprecated-declarations  -Wno-deprecated CMakeFiles/cmTC_66c5e.dir/src.cxx.o -o cmTC_66c5e 
make[1]: Leaving directory '/home/matija/Desktop/Project/build/CMakeFiles/CMakeTmp'


Source file was:
int main() { return 0; }
Performing C++ SOURCE FILE Test HAVE_CXX_FLAG_WSTRICT_ALIASING succeeded with the following output:
Change Dir: /home/matija/Desktop/Project/build/CMakeFiles/CMakeTmp

Run Build Command(s):/usr/bin/make -f Makefile cmTC_64c3f/fast && /usr/bin/make  -f CMakeFiles/cmTC_64c3f.dir/build.make CMakeFiles/cmTC_64c3f.dir/build
make[1]: Entering directory '/home/matija/Desktop/Project/build/CMakeFiles/CMakeTmp'
Building CXX object CMakeFiles/cmTC_64c3f.dir/src.cxx.o
/usr/bin/c++ -DHAVE_CXX_FLAG_WSTRICT_ALIASING  -std=c++11  -Wall  -Wextra  -Wshadow  -Wfloat-equal  -pedantic  -pedantic-errors  -fstrict-aliasing  -Wno-deprecated-declarations  -Wstrict-aliasing   -Wstrict-aliasing -o CMakeFiles/cmTC_64c3f.dir/src.cxx.o -c /home/matija/Desktop/Project/build/CMakeFiles/CMakeTmp/src.cxx
Linking CXX executable cmTC_64c3f
/var/lib/snapd/snap/cmake/1147/bin/cmake -E cmake_link_script CMakeFiles/cmTC_64c3f.dir/link.txt --verbose=1
/usr/bin/c++   -std=c++11  -Wall  -Wextra  -Wshadow  -Wfloat-equal  -pedantic  -pedantic-errors  -fstrict-aliasing  -Wno-deprecated-declarations  -Wstrict-aliasing CMakeFiles/cmTC_64c3f.dir/src.cxx.o -o cmTC_64c3f 
make[1]: Leaving directory '/home/matija/Desktop/Project/build/CMakeFiles/CMakeTmp'


Source file was:
int main() { return 0; }
Performing C++ SOURCE FILE Test HAVE_CXX_FLAG_COVERAGE succeeded with the following output:
Change Dir: /home/matija/Desktop/Project/build/CMakeFiles/CMakeTmp

Run Build Command(s):/usr/bin/make -f Makefile cmTC_8d392/fast && /usr/bin/make  -f CMakeFiles/cmTC_8d392.dir/build.make CMakeFiles/cmTC_8d392.dir/build
make[1]: Entering directory '/home/matija/Desktop/Project/build/CMakeFiles/CMakeTmp'
Building CXX object CMakeFiles/cmTC_8d392.dir/src.cxx.o
/usr/bin/c++ -DHAVE_CXX_FLAG_COVERAGE  -std=c++11  -Wall  -Wextra  -Wshadow  -Wfloat-equal  -pedantic  -pedantic-errors  -fstrict-aliasing  -Wno-deprecated-declarations  -Wstrict-aliasing  --coverage   --coverage -o CMakeFiles/cmTC_8d392.dir/src.cxx.o -c /home/matija/Desktop/Project/build/CMakeFiles/CMakeTmp/src.cxx
Linking CXX executable cmTC_8d392
/var/lib/snapd/snap/cmake/1147/bin/cmake -E cmake_link_script CMakeFiles/cmTC_8d392.dir/link.txt --verbose=1
/usr/bin/c++   -std=c++11  -Wall  -Wextra  -Wshadow  -Wfloat-equal  -pedantic  -pedantic-errors  -fstrict-aliasing  -Wno-deprecated-declarations  -Wstrict-aliasing  --coverage CMakeFiles/cmTC_8d392.dir/src.cxx.o -o cmTC_8d392 
make[1]: Leaving directory '/home/matija/Desktop/Project/build/CMakeFiles/CMakeTmp'


Source file was:
int main() { return 0; }
Performing C++ SOURCE FILE Test BENCHMARK_HAS_O3_FLAG succeeded with the following output:
Change Dir: /home/matija/Desktop/Project/build/CMakeFiles/CMakeTmp

Run Build Command(s):/usr/bin/make -f Makefile cmTC_c3544/fast && /usr/bin/make  -f CMakeFiles/cmTC_c3544.dir/build.make CMakeFiles/cmTC_c3544.dir/build
make[1]: Entering directory '/home/matija/Desktop/Project/build/CMakeFiles/CMakeTmp'
Building CXX object CMakeFiles/cmTC_c3544.dir/src.cxx.o
/usr/bin/c++ -DBENCHMARK_HAS_O3_FLAG  -std=c++11  -Wall  -Wextra  -Wshadow  -Wfloat-equal  -pedantic  -pedantic-errors  -fstrict-aliasing  -Wno-deprecated-declarations  -Wstrict-aliasing    -O3 -o CMakeFiles/cmTC_c3544.dir/src.cxx.o -c /home/matija/Desktop/Project/build/CMakeFiles/CMakeTmp/src.cxx
Linking CXX executable cmTC_c3544
/var/lib/snapd/snap/cmake/1147/bin/cmake -E cmake_link_script CMakeFiles/cmTC_c3544.dir/link.txt --verbose=1
/usr/bin/c++   -std=c++11  -Wall  -Wextra  -Wshadow  -Wfloat-equal  -pedantic  -pedantic-errors  -fstrict-aliasing  -Wno-deprecated-declarations  -Wstrict-aliasing  CMakeFiles/cmTC_c3544.dir/src.cxx.o -o cmTC_c3544 
make[1]: Leaving directory '/home/matija/Desktop/Project/build/CMakeFiles/CMakeTmp'


Source file was:
int main() { return 0; }
Performing C++ SOURCE FILE Test BENCHMARK_HAS_WNO_ODR succeeded with the following output:
Change Dir: /home/matija/Desktop/Project/build/CMakeFiles/CMakeTmp

Run Build Command(s):/usr/bin/make -f Makefile cmTC_add60/fast && /usr/bin/make  -f CMakeFiles/cmTC_add60.dir/build.make CMakeFiles/cmTC_add60.dir/build
make[1]: Entering directory '/home/matija/Desktop/Project/build/CMakeFiles/CMakeTmp'
Building CXX object CMakeFiles/cmTC_add60.dir/src.cxx.o
/usr/bin/c++ -DBENCHMARK_HAS_WNO_ODR  -std=c++11  -Wall  -Wextra  -Wshadow  -Wfloat-equal  -pedantic  -pedantic-errors  -fstrict-aliasing  -Wno-deprecated-declarations  -Wstrict-aliasing    -Wno-odr -o CMakeFiles/cmTC_add60.dir/src.cxx.o -c /home/matija/Desktop/Project/build/CMakeFiles/CMakeTmp/src.cxx
Linking CXX executable cmTC_add60
/var/lib/snapd/snap/cmake/1147/bin/cmake -E cmake_link_script CMakeFiles/cmTC_add60.dir/link.txt --verbose=1
/usr/bin/c++   -std=c++11  -Wall  -Wextra  -Wshadow  -Wfloat-equal  -pedantic  -pedantic-errors  -fstrict-aliasing  -Wno-deprecated-declarations  -Wstrict-aliasing  CMakeFiles/cmTC_add60.dir/src.cxx.o -o cmTC_add60 
make[1]: Leaving directory '/home/matija/Desktop/Project/build/CMakeFiles/CMakeTmp'


Source file was:
int main() { return 0; }
Performing C++ SOURCE FILE Test BENCHMARK_HAS_WNO_LTO_TYPE_MISMATCH succeeded with the following output:
Change Dir: /home/matija/Desktop/Project/build/CMakeFiles/CMakeTmp

Run Build Command(s):/usr/bin/make -f Makefile cmTC_6abb7/fast && /usr/bin/make  -f CMakeFiles/cmTC_6abb7.dir/build.make CMakeFiles/cmTC_6abb7.dir/build
make[1]: Entering directory '/home/matija/Desktop/Project/build/CMakeFiles/CMakeTmp'
Building CXX object CMakeFiles/cmTC_6abb7.dir/src.cxx.o
/usr/bin/c++ -DBENCHMARK_HAS_WNO_LTO_TYPE_MISMATCH  -std=c++11  -Wall  -Wextra  -Wshadow  -Wfloat-equal  -pedantic  -pedantic-errors  -fstrict-aliasing  -Wno-deprecated-declarations  -Wstrict-aliasing    -Wno-lto-type-mismatch -o CMakeFiles/cmTC_6abb7.dir/src.cxx.o -c /home/matija/Desktop/Project/build/CMakeFiles/CMakeTmp/src.cxx
Linking CXX executable cmTC_6abb7
/var/lib/snapd/snap/cmake/1147/bin/cmake -E cmake_link_script CMakeFiles/cmTC_6abb7.dir/link.txt --verbose=1
/usr/bin/c++   -std=c++11  -Wall  -Wextra  -Wshadow  -Wfloat-equal  -pedantic  -pedantic-errors  -fstrict-aliasing  -Wno-deprecated-declarations  -Wstrict-aliasing  CMakeFiles/cmTC_6abb7.dir/src.cxx.o -o cmTC_6abb7 
make[1]: Leaving directory '/home/matija/Desktop/Project/build/CMakeFiles/CMakeTmp'


Source file was:
int main() { return 0; }
Performing C++ SOURCE FILE Test BENCHMARK_HAS_G0_FLAG succeeded with the following output:
Change Dir: /home/matija/Desktop/Project/build/CMakeFiles/CMakeTmp

Run Build Command(s):/usr/bin/make -f Makefile cmTC_ab264/fast && /usr/bin/make  -f CMakeFiles/cmTC_ab264.dir/build.make CMakeFiles/cmTC_ab264.dir/build
make[1]: Entering directory '/home/matija/Desktop/Project/build/CMakeFiles/CMakeTmp'
Building CXX object CMakeFiles/cmTC_ab264.dir/src.cxx.o
/usr/bin/c++ -DBENCHMARK_HAS_G0_FLAG  -std=c++11  -Wall  -Wextra  -Wshadow  -Wfloat-equal  -pedantic  -pedantic-errors  -fstrict-aliasing  -Wno-deprecated-declarations  -Wstrict-aliasing    -g0 -o CMakeFiles/cmTC_ab264.dir/src.cxx.o -c /home/matija/Desktop/Project/build/CMakeFiles/CMakeTmp/src.cxx
Linking CXX executable cmTC_ab264
/var/lib/snapd/snap/cmake/1147/bin/cmake -E cmake_link_script CMakeFiles/cmTC_ab264.dir/link.txt --verbose=1
/usr/bin/c++   -std=c++11  -Wall  -Wextra  -Wshadow  -Wfloat-equal  -pedantic  -pedantic-errors  -fstrict-aliasing  -Wno-deprecated-declarations  -Wstrict-aliasing  CMakeFiles/cmTC_ab264.dir/src.cxx.o -o cmTC_ab264 
make[1]: Leaving directory '/home/matija/Desktop/Project/build/CMakeFiles/CMakeTmp'


Source file was:
int main() { return 0; }
Performing C++ SOURCE FILE Test BENCHMARK_HAS_FNO_STACK_PROTECTOR_FLAG succeeded with the following output:
Change Dir: /home/matija/Desktop/Project/build/CMakeFiles/CMakeTmp

Run Build Command(s):/usr/bin/make -f Makefile cmTC_9bb9c/fast && /usr/bin/make  -f CMakeFiles/cmTC_9bb9c.dir/build.make CMakeFiles/cmTC_9bb9c.dir/build
make[1]: Entering directory '/home/matija/Desktop/Project/build/CMakeFiles/CMakeTmp'
Building CXX object CMakeFiles/cmTC_9bb9c.dir/src.cxx.o
/usr/bin/c++ -DBENCHMARK_HAS_FNO_STACK_PROTECTOR_FLAG  -std=c++11  -Wall  -Wextra  -Wshadow  -Wfloat-equal  -pedantic  -pedantic-errors  -fstrict-aliasing  -Wno-deprecated-declarations  -Wstrict-aliasing    -fno-stack-protector -o CMakeFiles/cmTC_9bb9c.dir/src.cxx.o -c /home/matija/Desktop/Project/build/CMakeFiles/CMakeTmp/src.cxx
Linking CXX executable cmTC_9bb9c
/var/lib/snapd/snap/cmake/1147/bin/cmake -E cmake_link_script CMakeFiles/cmTC_9bb9c.dir/link.txt --verbose=1
/usr/bin/c++   -std=c++11  -Wall  -Wextra  -Wshadow  -Wfloat-equal  -pedantic  -pedantic-errors  -fstrict-aliasing  -Wno-deprecated-declarations  -Wstrict-aliasing  CMakeFiles/cmTC_9bb9c.dir/src.cxx.o -o cmTC_9bb9c 
make[1]: Leaving directory '/home/matija/Desktop/Project/build/CMakeFiles/CMakeTmp'


Source file was:
int main() { return 0; }
